<?xml version="1.0" encoding="UTF-8"?>
<!-- Generated by org.testng.reporters.JUnitReportReporter -->
<testsuite hostname="OldMonk" failures="0" tests="5" name="firstTask.EvaluationWeb" time="38.564" errors="0" timestamp="2025-05-05T12:01:00 IST" skipped="0">
  <testcase classname="firstTask.EvaluationWeb" name="postPosts" time="0.591"/>
  <testcase classname="firstTask.EvaluationWeb" name="getPosts" time="0.458"/>
  <testcase classname="firstTask.EvaluationWeb" name="patchPosts" time="0.743"/>
  <testcase classname="firstTask.EvaluationWeb" name="putPosts" time="0.652"/>
  <testcase classname="firstTask.EvaluationWeb" name="deletePosts" time="36.120"/>
</testsuite> <!-- firstTask.EvaluationWeb -->
